<?xml version="1.0" encoding="utf-8"?><testsuites name="pytest tests"><testsuite name="pytest" errors="0" failures="0" skipped="0" tests="119" time="3.986" timestamp="2026-09-10T23:07:39.066232-04:00" hostname="xingtangs-Mac-mini.local"><testcase classname="tests.test_basketball" name="test_reference_geometry_and_free_ball" time="0.282" /><testcase classname="tests.test_basketball" name="test_actor_contract_has_no_ball_state" time="0.001" /><testcase classname="tests.test_basketball" name="test_reset_is_seeded_and_restores_ball" time="0.002" /><testcase classname="tests.test_basketball" name="test_zero_hold_removes_all_assistance" time="0.001" /><testcase classname="tests.test_basketball" name="test_assistance_is_reported_not_hidden" time="0.001" /><testcase classname="tests.test_basketball" name="test_ball_rotational_assistance_uses_world_torque" time="0.001" /><testcase classname="tests.test_basketball" name="test_curriculum_and_fixed_rewards" time="0.001" /><testcase classname="tests.test_basketball" name="test_curriculum_promotes_only_completed_episode" time="0.001" /><testcase classname="tests.test_basketball" name="test_first_fall_terminates_and_requires_reset" time="0.001" /><testcase classname="tests.test_basketball" name="test_foot_contacts_do_not_count_floor_as_ball" time="0.001" /><testcase classname="tests.test_basketball" name="test_rejects_invalid_actions[action0]" time="0.001" /><testcase classname="tests.test_basketball" name="test_rejects_invalid_actions[action1]" time="0.001" /><testcase classname="tests.test_basketball" name="test_rejects_invalid_actions[action2]" time="0.001" /><testcase classname="tests.test_basketball" name="test_rejects_invalid_hold[-1]" time="0.000" /><testcase classname="tests.test_basketball" name="test_rejects_invalid_hold[1.1]" time="0.000" /><testcase classname="tests.test_basketball" name="test_rejects_invalid_hold[nan]" time="0.002" /><testcase classname="tests.test_basketball_policy" name="test_source_hashes_and_checkpoint_architecture" time="0.049" /><testcase classname="tests.test_basketball_policy" name="test_source_normalization_matches_export_divisor" time="0.004" /><testcase classname="tests.test_basketball_policy" name="test_source_onnx_parity_with_carried_state_and_reset" time="0.137" /><testcase classname="tests.test_basketball_policy" name="test_sequence_masks_reset_hidden_and_cell" time="0.009" /><testcase classname="tests.test_basketball_policy" name="test_exported_onnx_has_recurrent_contract_and_parity" time="0.145" /><testcase classname="tests.test_basketball_policy" name="test_gae_bootstraps_truncation_but_not_termination" time="0.003" /><testcase classname="tests.test_basketball_policy" name="test_rollout_stores_timeout_final_value_and_episode_masks" time="0.004" /><testcase classname="tests.test_basketball_policy" name="test_ppo_update_recomputes_full_recurrent_sequence" time="0.575" /><testcase classname="tests.test_basketball_policy" name="test_ppo_kl_guard_rejects_stale_distribution_before_update" time="0.005" /><testcase classname="tests.test_basketball_policy" name="test_source_requires_adjacent_verified_onnx" time="0.006" /><testcase classname="tests.test_basketball_policy" name="test_cli_can_select_randomized_commands" time="0.001" /><testcase classname="tests.test_basketball_policy" name="test_training_cannot_overwrite_existing_artifacts" time="0.002" /><testcase classname="tests.test_basketball_policy" name="test_environment_factory_does_not_share_bam_models" time="0.000" /><testcase classname="tests.test_basketball_policy" name="test_environment_factory_shares_only_xml_model" time="0.000" /><testcase classname="tests.test_basketball_policy" name="test_cli_defaults_are_bounded_smoke_settings" time="0.000" /><testcase classname="tests.test_basketball_policy" name="test_saved_artifacts_report_hashes_steps_and_actor_change" time="0.073" /><testcase classname="tests.test_basketball_evaluation" name="test_commanded_success_requires_duration_progress_contact_and_no_exploit" time="0.001" /><testcase classname="tests.test_basketball_evaluation" name="test_reward_only_cannot_pass_without_physical_progress" time="0.001" /><testcase classname="tests.test_basketball_evaluation" name="test_drift_with_progress_but_wrong_body_velocity_is_not_controlled" time="0.001" /><testcase classname="tests.test_basketball_evaluation" name="test_sliding_without_ball_rotation_is_not_controlled_rolling" time="0.001" /><testcase classname="tests.test_basketball_evaluation" name="test_wrong_direction_travel_is_reported_as_random_not_controlled" time="0.001" /><testcase classname="tests.test_basketball_evaluation" name="test_initial_yaw_projects_command_into_world_direction" time="0.001" /><testcase classname="tests.test_basketball_evaluation" name="test_hidden_auto_reset_cannot_turn_two_partial_runs_into_survival" time="0.001" /><testcase classname="tests.test_basketball_evaluation" name="test_terminated_first_fall_preserves_actual_survival_and_reason" time="0.000" /><testcase classname="tests.test_basketball_evaluation" name="test_assistance_and_contact_exploits_fail_closed[sample_kwargs0-hold assistance observed]" time="0.001" /><testcase classname="tests.test_basketball_evaluation" name="test_assistance_and_contact_exploits_fail_closed[sample_kwargs1-body-ball contact exploit observed]" time="0.001" /><testcase classname="tests.test_basketball_evaluation" name="test_assistance_and_contact_exploits_fail_closed[sample_kwargs2-robot-floor contact exploit observed]" time="0.001" /><testcase classname="tests.test_basketball_evaluation" name="test_summary_reports_every_seed_and_separates_balance_from_rolling" time="0.004" /><testcase classname="tests.test_balance_adapter" name="test_cli_is_command_first_and_clamps_action_delay" time="0.003" /><testcase classname="tests.test_balance_adapter" name="test_train_routes_complete_recurrent_batches_and_writes_studio_metadata" time="0.007" /><testcase classname="tests.test_balance_adapter" name="test_import_run_copies_then_annotates_without_mutating_source" time="0.005" /><testcase classname="tests.test_balance_adapter" name="test_eval_cannot_claim_full_steering_from_forward_only_trials[False-False-failed]" time="0.003" /><testcase classname="tests.test_balance_adapter" name="test_eval_cannot_claim_full_steering_from_forward_only_trials[True-False-failed]" time="0.003" /><testcase classname="tests.test_balance_adapter" name="test_render_writes_expected_evidence_and_provenance" time="0.004" /><testcase classname="tests.test_balance_adapter" name="test_training_rejects_invalid_hold[-0.1]" time="0.001" /><testcase classname="tests.test_balance_adapter" name="test_training_rejects_invalid_hold[1.1]" time="0.001" /><testcase classname="tests.test_balance_adapter" name="test_training_rejects_invalid_hold[nan]" time="0.001" /><testcase classname="tests.test_balance_adapter" name="test_training_rejects_invalid_hold[inf]" time="0.001" /><testcase classname="tests.test_balance_adapter" name="test_hold_curriculum_is_training_only" time="0.006" /><testcase classname="tests.test_balance_adapter" name="test_local_loader_requires_opt_in_and_preserves_actor" time="0.054" /><testcase classname="tests.test_balance_adapter" name="test_local_loader_rejects_invalid_candidates[format]" time="0.011" /><testcase classname="tests.test_balance_adapter" name="test_local_loader_rejects_invalid_candidates[normalizer]" time="0.010" /><testcase classname="tests.test_balance_adapter" name="test_local_loader_rejects_invalid_candidates[dimensions]" time="0.010" /><testcase classname="tests.test_balance_adapter" name="test_local_loader_rejects_invalid_candidates[steps]" time="0.010" /><testcase classname="tests.test_balance_adapter" name="test_local_loader_rejects_invalid_candidates[nan]" time="0.013" /><testcase classname="tests.test_balance_adapter" name="test_local_loader_rejects_invalid_candidates[mismatch]" time="0.020" /><testcase classname="tests.test_balance_adapter" name="test_local_loader_rejects_invalid_candidates[missing_policy]" time="0.008" /><testcase classname="tests.test_balance_adapter" name="test_real_train_in_prepopulated_studio_and_local_continuation" time="0.657" /><testcase classname="tests.test_bridge" name="test_model_is_a_free_suspended_narrow_plank" time="0.030" /><testcase classname="tests.test_bridge" name="test_gym_contract_and_bridge_state_is_privileged" time="0.002" /><testcase classname="tests.test_bridge" name="test_reset_is_seeded_and_starts_on_safe_platform" time="0.002" /><testcase classname="tests.test_bridge" name="test_assistance_is_plank_only_and_zero_is_force_free" time="0.001" /><testcase classname="tests.test_bridge" name="test_reward_is_exact_inherited_locomotion_reward" time="0.000" /><testcase classname="tests.test_bridge" name="test_curriculum_changes_only_assistance" time="0.003" /><testcase classname="tests.test_bridge" name="test_crossing_requires_full_traversal_two_end_feet_and_no_ground" time="0.002" /><testcase classname="tests.test_bridge" name="test_crossing_cannot_skip_suspended_plank_contact_history" time="0.002" /><testcase classname="tests.test_bridge" name="test_curriculum_spawn_ladder_reaches_final_launch_platform" time="0.003" /><testcase classname="tests.test_bridge" name="test_navigation_commander_uses_standard_twist_slots" time="0.001" /><testcase classname="tests.test_bridge" name="test_navigation_commander_stops_forward_on_destination_platform" time="0.001" /><testcase classname="tests.test_bridge" name="test_plank_moves_from_contact_without_teleporting_robot" time="0.009" /><testcase classname="tests.test_bridge" name="test_rejects_invalid_actions[action0]" time="0.002" /><testcase classname="tests.test_bridge" name="test_rejects_invalid_actions[action1]" time="0.002" /><testcase classname="tests.test_bridge" name="test_rejects_invalid_actions[action2]" time="0.001" /><testcase classname="tests.test_bridge" name="test_rejects_invalid_assistance[-1]" time="0.000" /><testcase classname="tests.test_bridge" name="test_rejects_invalid_assistance[1.1]" time="0.000" /><testcase classname="tests.test_bridge" name="test_rejects_invalid_assistance[nan]" time="0.000" /><testcase classname="tests.test_bridge" name="test_shipped_stand_and_walk_onnx_accept_bridge_observation" time="0.011" /><testcase classname="tests.test_bridge_evaluation" name="test_complete_unassisted_contact_validated_crossing_passes" time="0.001" /><testcase classname="tests.test_bridge_evaluation" name="test_any_assistance_fall_or_dishonest_crossing_fails[&lt;lambda&gt;-bridge assistance was active during evaluation]" time="0.001" /><testcase classname="tests.test_bridge_evaluation" name="test_any_assistance_fall_or_dishonest_crossing_fails[&lt;lambda&gt;-robot contacted the floor]" time="0.001" /><testcase classname="tests.test_bridge_evaluation" name="test_any_assistance_fall_or_dishonest_crossing_fails[&lt;lambda&gt;-non-foot robot support contact occurred]" time="0.001" /><testcase classname="tests.test_bridge_evaluation" name="test_any_assistance_fall_or_dishonest_crossing_fails[&lt;lambda&gt;-contact-validated end-to-end crossing was not observed]" time="0.001" /><testcase classname="tests.test_bridge_evaluation" name="test_any_assistance_fall_or_dishonest_crossing_fails[&lt;lambda&gt;-crossing lacked two-foot landing support]" time="0.001" /><testcase classname="tests.test_bridge_evaluation" name="test_any_assistance_fall_or_dishonest_crossing_fails[&lt;lambda&gt;-suspended-plank foot contact was not observed]" time="0.001" /><testcase classname="tests.test_bridge_evaluation" name="test_termination_and_partial_horizon_cannot_pass" time="0.001" /><testcase classname="tests.test_bridge_evaluation" name="test_vector_lanes_and_episodes_are_not_pooled" time="0.001" /><testcase classname="tests.test_bridge_evaluation" name="test_missing_or_nonfinite_metrics_fail[missing-bridge_crossed]" time="0.000" /><testcase classname="tests.test_bridge_evaluation" name="test_missing_or_nonfinite_metrics_fail[missing-bridge_progress_m]" time="0.000" /><testcase classname="tests.test_bridge_evaluation" name="test_missing_or_nonfinite_metrics_fail[missing-bridge_assistance]" time="0.000" /><testcase classname="tests.test_bridge_evaluation" name="test_missing_or_nonfinite_metrics_fail[missing-robot_floor_contact]" time="0.000" /><testcase classname="tests.test_bridge_evaluation" name="test_missing_or_nonfinite_metrics_fail[missing-nonfoot_support]" time="0.000" /><testcase classname="tests.test_bridge_evaluation" name="test_missing_or_nonfinite_metrics_fail[missing-feet_support]" time="0.000" /><testcase classname="tests.test_bridge_evaluation" name="test_missing_or_nonfinite_metrics_fail[missing-bridge_contact_observed]" time="0.000" /><testcase classname="tests.test_bridge_evaluation" name="test_missing_or_nonfinite_metrics_fail[nan-bridge_crossed]" time="0.000" /><testcase classname="tests.test_bridge_evaluation" name="test_missing_or_nonfinite_metrics_fail[nan-bridge_progress_m]" time="0.000" /><testcase classname="tests.test_bridge_evaluation" name="test_missing_or_nonfinite_metrics_fail[nan-bridge_assistance]" time="0.000" /><testcase classname="tests.test_bridge_evaluation" name="test_missing_or_nonfinite_metrics_fail[nan-robot_floor_contact]" time="0.000" /><testcase classname="tests.test_bridge_evaluation" name="test_missing_or_nonfinite_metrics_fail[nan-nonfoot_support]" time="0.000" /><testcase classname="tests.test_bridge_evaluation" name="test_missing_or_nonfinite_metrics_fail[nan-feet_support]" time="0.000" /><testcase classname="tests.test_bridge_evaluation" name="test_missing_or_nonfinite_metrics_fail[nan-bridge_contact_observed]" time="0.000" /><testcase classname="tests.test_bridge_evaluation" name="test_missing_or_nonfinite_metrics_fail[inf-bridge_crossed]" time="0.000" /><testcase classname="tests.test_bridge_evaluation" name="test_missing_or_nonfinite_metrics_fail[inf-bridge_progress_m]" time="0.000" /><testcase classname="tests.test_bridge_evaluation" name="test_missing_or_nonfinite_metrics_fail[inf-bridge_assistance]" time="0.000" /><testcase classname="tests.test_bridge_evaluation" name="test_missing_or_nonfinite_metrics_fail[inf-robot_floor_contact]" time="0.000" /><testcase classname="tests.test_bridge_evaluation" name="test_missing_or_nonfinite_metrics_fail[inf-nonfoot_support]" time="0.000" /><testcase classname="tests.test_bridge_evaluation" name="test_missing_or_nonfinite_metrics_fail[inf-feet_support]" time="0.000" /><testcase classname="tests.test_bridge_evaluation" name="test_missing_or_nonfinite_metrics_fail[inf-bridge_contact_observed]" time="0.000" /><testcase classname="tests.test_bridge_evaluation" name="test_invalid_dimensions_are_rejected[0-100]" time="0.000" /><testcase classname="tests.test_bridge_evaluation" name="test_invalid_dimensions_are_rejected[True-100]" time="0.000" /><testcase classname="tests.test_bridge_evaluation" name="test_invalid_dimensions_are_rejected[1.5-100]" time="0.000" /><testcase classname="tests.test_bridge_evaluation" name="test_invalid_dimensions_are_rejected[1-0]" time="0.000" /><testcase classname="tests.test_bridge_evaluation" name="test_invalid_dimensions_are_rejected[1-100.0]" time="0.000" /><testcase classname="tests.test_bridge_bootstrap" name="test_initialize_bridge_transfers_walking_actor_and_normalizer" time="0.109" /></testsuite></testsuites>